2026-04-29 14:19:53,284 - INFO - ======================================================================
2026-04-29 14:19:53,285 - INFO - ESTRAZIONE RICETTE OTTIMIZZATA (Pattern-based)
2026-04-29 14:19:53,285 - INFO - ======================================================================
2026-04-29 14:19:53,285 - INFO - Lettura ricette.pdf...
2026-04-29 14:19:57,861 - INFO - Pagine da leggere: 50
2026-04-29 14:20:02,936 - INFO - Found 21 potential recipe headers
2026-04-29 14:20:02,943 - INFO - Estratte 21 ricette
2026-04-29 14:20:02,944 - INFO - 
Estrazione completata: 21 ricette trovate
2026-04-29 14:20:02,946 - INFO - 
--- PREVIEW PRIME 5 RICETTE ---
2026-04-29 14:20:02,947 - INFO - 
1. antipasti
2026-04-29 14:20:02,948 - INFO -    Data: giovedě 29 dicembre 2016 11:59
2026-04-29 14:20:02,948 - INFO -    Categoria: Antipasti
2026-04-29 14:20:02,949 - INFO -    URL: N/A
2026-04-29 14:20:02,949 - INFO - 
2. gustosa | Galbani
2026-04-29 14:20:02,949 - INFO -    Data: giovedě, dicembre 19, 2019 1:54
2026-04-29 14:20:02,950 - INFO -    Categoria: Altro
2026-04-29 14:20:02,950 - INFO -    URL: https://www.galbani.it/ricette/pate-di-fagiano
2026-04-29 14:20:02,951 - INFO - 
3. Patč di fagiano di Ugo Tognazzi | Sale&Pepe
2026-04-29 14:20:02,951 - INFO -    Data: giovedě, dicembre 19, 2019 1:58
2026-04-29 14:20:02,952 - INFO -    Categoria: Altro
2026-04-29 14:20:02,952 - INFO -    URL: https://www.salepepe.it/ricette/antipasti/il-pate/pate-fagia
2026-04-29 14:20:02,953 - INFO - 
4. Bignč salati
2026-04-29 14:20:02,953 - INFO -    Data: giovedě 29 dicembre 2016 11:59
2026-04-29 14:20:02,953 - INFO -    Categoria: Altro
2026-04-29 14:20:02,954 - INFO -    URL: N/A
2026-04-29 14:20:02,954 - INFO - 
5. Crema pasticcera parmigiano
2026-04-29 14:20:02,954 - INFO -    Data: giovedě 29 dicembre 2016 11:59
2026-04-29 14:20:02,955 - INFO -    Categoria: Altro
2026-04-29 14:20:02,955 - INFO -    URL: http://www.petitchef.it/ricette/stuzzicherie/bigne-salati-di
2026-04-29 14:20:26,427 - INFO - ======================================================================
2026-04-29 14:20:26,428 - INFO - ESTRAZIONE RICETTE OTTIMIZZATA (Pattern-based)
2026-04-29 14:20:26,428 - INFO - ======================================================================
2026-04-29 14:20:26,429 - INFO - Lettura ricette.pdf...
2026-04-29 14:20:33,770 - INFO - Pagine da leggere: 50
2026-04-29 14:21:58,529 - INFO - ======================================================================
2026-04-29 14:21:58,529 - INFO - ESTRAZIONE RICETTE OTTIMIZZATA (Pattern-based)
2026-04-29 14:21:58,530 - INFO - ======================================================================
2026-04-29 14:21:58,530 - INFO - Lettura ricette.pdf...
2026-04-29 14:22:02,545 - INFO - Pagine da leggere: 50
2026-04-29 14:22:07,381 - INFO - Found 21 potential recipe dates
2026-04-29 14:22:07,384 - INFO - Estratte 21 ricette
2026-04-29 14:22:07,384 - INFO - 
Estrazione completata: 21 ricette trovate
2026-04-29 14:22:07,385 - INFO - 
--- PREVIEW PRIME 5 RICETTE ---
2026-04-29 14:22:07,385 - INFO - 
1. antipasti
2026-04-29 14:22:07,386 - INFO -    Data: giovedě 29 dicembre 2016 11:59
2026-04-29 14:22:07,386 - INFO -    Categoria: Antipasti
2026-04-29 14:22:07,386 - INFO -    URL: N/A
2026-04-29 14:22:07,387 - INFO - 
2. gustosa | Galbani
2026-04-29 14:22:07,387 - INFO -    Data: giovedě, dicembre 19, 2019 1:54
2026-04-29 14:22:07,387 - INFO -    Categoria: Altro
2026-04-29 14:22:07,388 - INFO -    URL: https://www.galbani.it/ricette/pate-di-fagiano
2026-04-29 14:22:07,388 - INFO - 
3. Patč di fagiano di Ugo Tognazzi | Sale&Pepe
2026-04-29 14:22:07,388 - INFO -    Data: giovedě, dicembre 19, 2019 1:58
2026-04-29 14:22:07,389 - INFO -    Categoria: Altro
2026-04-29 14:22:07,389 - INFO -    URL: https://www.salepepe.it/ricette/antipasti/il-pate/pate-fagia
2026-04-29 14:22:07,389 - INFO - 
4. Bignč salati
2026-04-29 14:22:07,390 - INFO -    Data: giovedě 29 dicembre 2016 11:59
2026-04-29 14:22:07,390 - INFO -    Categoria: Altro
2026-04-29 14:22:07,390 - INFO -    URL: N/A
2026-04-29 14:22:07,391 - INFO - 
5. Crema pasticcera parmigiano
2026-04-29 14:22:07,391 - INFO -    Data: giovedě 29 dicembre 2016 11:59
2026-04-29 14:22:07,391 - INFO -    Categoria: Altro
2026-04-29 14:22:07,392 - INFO -    URL: http://www.petitchef.it/ricette/stuzzicherie/bigne-salati-di
2026-04-29 14:22:35,687 - INFO - ======================================================================
2026-04-29 14:22:35,687 - INFO - ESTRAZIONE RICETTE OTTIMIZZATA (Pattern-based)
2026-04-29 14:22:35,687 - INFO - ======================================================================
2026-04-29 14:22:35,687 - INFO - Lettura ricette.pdf...
2026-04-29 14:22:39,352 - INFO - Pagine da leggere: 1396
2026-04-29 14:26:09,132 - INFO - Found 666 potential recipe dates
2026-04-29 14:26:09,252 - INFO - Estratte 664 ricette
2026-04-29 14:26:09,253 - INFO - 
Estrazione completata: 664 ricette trovate
2026-04-29 14:26:09,512 - INFO - 
Salvataggio nel DB...
2026-04-29 14:26:09,771 - ERROR - Errore insert gustosa | Galbani: column "fonte_url" of relation "ricette" does not exist
LINE 3: ...                  (titolo, categoria, istruzioni, fonte_url)
                                                             ^

2026-04-29 14:26:09,949 - ERROR - Errore insert Patč di fagiano di Ugo Tognazzi | Sale&Pepe: column "fonte_url" of relation "ricette" does not exist
LINE 3: ...                  (titolo, categoria, istruzioni, fonte_url)
                                                             ^

2026-04-29 14:26:10,134 - ERROR - Errore insert Tuttacronaca in cucina: column "fonte_url" of relation "ricette" does not exist
LINE 3: ...                  (titolo, categoria, istruzioni, fonte_url)
                                                             ^

2026-04-29 14:26:10,328 - ERROR - Errore insert primi: column "fonte_url" of relation "ricette" does not exist
LINE 3: ...                  (titolo, categoria, istruzioni, fonte_url)
                                                             ^

2026-04-29 14:26:10,523 - ERROR - Errore insert perfetta in tre mosse | Cook | Cucina Corriere.it: column "fonte_url" of relation "ricette" does not exist
LINE 3: ...                  (titolo, categoria, istruzioni, fonte_url)
                                                             ^

2026-04-29 14:26:10,713 - ERROR - Errore insert Pasta ripiena 10 ricette: column "fonte_url" of relation "ricette" does not exist
LINE 3: ...                  (titolo, categoria, istruzioni, fonte_url)
                                                             ^

2026-04-29 14:26:10,911 - ERROR - Errore insert Scialatielli: column "fonte_url" of relation "ricette" does not exist
LINE 3: ...                  (titolo, categoria, istruzioni, fonte_url)
                                                             ^

2026-04-29 14:26:11,149 - ERROR - Errore insert Crespelle alla stracciatella con crema di fave e crumble di guanciale: column "fonte_url" of relation "ricette" does not exist
LINE 3: ...                  (titolo, categoria, istruzioni, fonte_url)
                                                             ^

2026-04-29 14:26:11,384 - ERROR - Errore insert Candele: column "fonte_url" of relation "ricette" does not exist
LINE 3: ...                  (titolo, categoria, istruzioni, fonte_url)
                                                             ^

2026-04-29 14:26:11,650 - ERROR - Errore insert Frittata di scammaro - Ricetta Frittata di scammaro di Misya: column "fonte_url" of relation "ricette" does not exist
LINE 3: ...                  (titolo, categoria, istruzioni, fonte_url)
                                                             ^

2026-04-29 14:26:11,936 - ERROR - Errore insert Meraviglie di Cicetta: column "fonte_url" of relation "ricette" does not exist
LINE 3: ...                  (titolo, categoria, istruzioni, fonte_url)
                                                             ^

2026-04-29 14:26:12,221 - ERROR - Errore insert Vaniglia: column "fonte_url" of relation "ricette" does not exist
LINE 3: ...                  (titolo, categoria, istruzioni, fonte_url)
                                                             ^

2026-04-29 14:26:12,618 - ERROR - Errore insert www.stile.it: column "fonte_url" of relation "ricette" does not exist
LINE 3: ...                  (titolo, categoria, istruzioni, fonte_url)
                                                             ^

2026-04-29 14:26:12,927 - ERROR - Errore insert Pasta 'ncasciata: la ricetta perfetta | Dissapore: column "fonte_url" of relation "ricette" does not exist
LINE 3: ...                  (titolo, categoria, istruzioni, fonte_url)
                                                             ^

2026-04-29 14:26:13,218 - ERROR - Errore insert L’autentica ricetta greca del purč di fave - La Stampa: column "fonte_url" of relation "ricette" does not exist
LINE 3: ...                  (titolo, categoria, istruzioni, fonte_url)
                                                             ^

2026-04-29 14:26:13,552 - ERROR - Errore insert ricette de La Cucina Italiana: column "fonte_url" of relation "ricette" does not exist
LINE 3: ...                  (titolo, categoria, istruzioni, fonte_url)
                                                             ^

2026-04-29 14:26:13,954 - ERROR - Errore insert la preferiscono lunga - Repubblica.it: column "fonte_url" of relation "ricette" does not exist
LINE 3: ...                  (titolo, categoria, istruzioni, fonte_url)
                                                             ^

2026-04-29 14:26:14,335 - ERROR - Errore insert Fregola con cavolfiore arrosto, zafferano e olive - La Stampa: column "fonte_url" of relation "ricette" does not exist
LINE 3: ...                  (titolo, categoria, istruzioni, fonte_url)
                                                             ^

2026-04-29 14:26:14,697 - ERROR - Errore insert Pane frattau: column "fonte_url" of relation "ricette" does not exist
LINE 3: ...                  (titolo, categoria, istruzioni, fonte_url)
                                                             ^

2026-04-29 14:26:15,064 - ERROR - Errore insert parmigiano - Ricetta Petitchef: column "fonte_url" of relation "ricette" does not exist
LINE 3: ...                  (titolo, categoria, istruzioni, fonte_url)
                                                             ^

2026-04-29 14:26:15,442 - ERROR - Errore insert piů - Repubblica.it: column "fonte_url" of relation "ricette" does not exist
LINE 3: ...                  (titolo, categoria, istruzioni, fonte_url)
                                                             ^

2026-04-29 14:26:15,793 - ERROR - Errore insert Ravioli ripieni di fave e pecorino su crema di fave: column "fonte_url" of relation "ricette" does not exist
LINE 3: ...                  (titolo, categoria, istruzioni, fonte_url)
                                                             ^

2026-04-29 14:26:16,210 - ERROR - Errore insert Cannavacciuolo - La Cucina Italiana: column "fonte_url" of relation "ricette" does not exist
LINE 3: ...                  (titolo, categoria, istruzioni, fonte_url)
                                                             ^

2026-04-29 14:26:16,591 - ERROR - Errore insert Gnocchi di ricotta: column "fonte_url" of relation "ricette" does not exist
LINE 3: ...                  (titolo, categoria, istruzioni, fonte_url)
                                                             ^

2026-04-29 14:26:17,024 - ERROR - Errore insert Risotto uva e more: column "fonte_url" of relation "ricette" does not exist
LINE 3: ...                  (titolo, categoria, istruzioni, fonte_url)
                                                             ^

2026-04-29 14:26:17,681 - ERROR - Errore insert Pasta - Repubblica.it: column "fonte_url" of relation "ricette" does not exist
LINE 3: ...                  (titolo, categoria, istruzioni, fonte_url)
                                                             ^

2026-04-29 14:26:18,361 - ERROR - Errore insert Ricetta Gnocchi di prugne - La Ricetta di GialloZafferano: column "fonte_url" of relation "ricette" does not exist
LINE 3: ...                  (titolo, categoria, istruzioni, fonte_url)
                                                             ^

2026-04-29 14:26:19,157 - ERROR - Errore insert Pasta al caviale e agrumi | UnaDonna: column "fonte_url" of relation "ricette" does not exist
LINE 3: ...                  (titolo, categoria, istruzioni, fonte_url)
                                                             ^

2026-04-29 14:26:20,014 - ERROR - Errore insert Ricetta Gnocchi di prugne - La Ricetta di GialloZafferano: column "fonte_url" of relation "ricette" does not exist
LINE 3: ...                  (titolo, categoria, istruzioni, fonte_url)
                                                             ^

2026-04-29 14:26:20,653 - ERROR - Errore insert Crema di porri e panna acida | La tana del coniglio: column "fonte_url" of relation "ricette" does not exist
LINE 3: ...                  (titolo, categoria, istruzioni, fonte_url)
                                                             ^

2026-04-29 14:26:21,270 - ERROR - Errore insert Ricetta.it: column "fonte_url" of relation "ricette" does not exist
LINE 3: ...                  (titolo, categoria, istruzioni, fonte_url)
                                                             ^

2026-04-29 14:26:21,783 - ERROR - Errore insert Tagliolini al lampredotto | Troppa trippa: column "fonte_url" of relation "ricette" does not exist
LINE 3: ...                  (titolo, categoria, istruzioni, fonte_url)
                                                             ^

2026-04-29 14:26:22,341 - ERROR - Errore insert 2020 - la Repubblica: column "fonte_url" of relation "ricette" does not exist
LINE 3: ...                  (titolo, categoria, istruzioni, fonte_url)
                                                             ^

2026-04-29 14:26:22,783 - ERROR - Errore insert Ricetta Riso e latte con cicoria -La Cucina Italiana: column "fonte_url" of relation "ricette" does not exist
LINE 3: ...                  (titolo, categoria, istruzioni, fonte_url)
                                                             ^

2026-04-29 14:26:23,272 - ERROR - Errore insert cuore - la Repubblica: column "fonte_url" of relation "ricette" does not exist
LINE 3: ...                  (titolo, categoria, istruzioni, fonte_url)
                                                             ^

2026-04-29 14:26:23,691 - ERROR - Errore insert Lievitati e torte salate: column "fonte_url" of relation "ricette" does not exist
LINE 3: ...                  (titolo, categoria, istruzioni, fonte_url)
                                                             ^

2026-04-29 14:26:24,215 - ERROR - Errore insert Italiana: column "fonte_url" of relation "ricette" does not exist
LINE 3: ...                  (titolo, categoria, istruzioni, fonte_url)
                                                             ^

2026-04-29 14:26:24,788 - ERROR - Errore insert buonissime: column "fonte_url" of relation "ricette" does not exist
LINE 3: ...                  (titolo, categoria, istruzioni, fonte_url)
                                                             ^

2026-04-29 14:26:25,458 - ERROR - Errore insert Italiana: column "fonte_url" of relation "ricette" does not exist
LINE 3: ...                  (titolo, categoria, istruzioni, fonte_url)
                                                             ^

2026-04-29 14:26:26,097 - ERROR - Errore insert Ricetta Strudel salato con cappuccio e mela - La Cucina Italiana: column "fonte_url" of relation "ricette" does not exist
LINE 3: ...                  (titolo, categoria, istruzioni, fonte_url)
                                                             ^

2026-04-29 14:26:26,718 - ERROR - Errore insert Ricetta Tatin dolce-salata ai finocchi -La Cucina Italiana: column "fonte_url" of relation "ricette" does not exist
LINE 3: ...                  (titolo, categoria, istruzioni, fonte_url)
                                                             ^

2026-04-29 14:26:27,447 - ERROR - Errore insert GialloZafferano: column "fonte_url" of relation "ricette" does not exist
LINE 3: ...                  (titolo, categoria, istruzioni, fonte_url)
                                                             ^

2026-04-29 14:26:28,021 - ERROR - Errore insert » Pasta frolla salata - Ricetta Pasta frolla salata di Misya: column "fonte_url" of relation "ricette" does not exist
LINE 3: ...                  (titolo, categoria, istruzioni, fonte_url)
                                                             ^

2026-04-29 14:26:28,801 - ERROR - Errore insert Banitsa - La ricetta di Buonissimo: column "fonte_url" of relation "ricette" does not exist
LINE 3: ...                  (titolo, categoria, istruzioni, fonte_url)
                                                             ^

2026-04-29 14:26:29,381 - ERROR - Errore insert Focaccia al vapore alle rose - Vegolosi.it: column "fonte_url" of relation "ricette" does not exist
LINE 3: ...                  (titolo, categoria, istruzioni, fonte_url)
                                                             ^

2026-04-29 14:26:29,985 - ERROR - Errore insert Water Roux (metodo Tang Zhong) | Passione Commestibile.: column "fonte_url" of relation "ricette" does not exist
LINE 3: ...                  (titolo, categoria, istruzioni, fonte_url)
                                                             ^

2026-04-29 14:26:30,396 - ERROR - Errore insert Tang Zhong: cos'č e come funziona: column "fonte_url" of relation "ricette" does not exist
LINE 3: ...                  (titolo, categoria, istruzioni, fonte_url)
                                                             ^

2026-04-29 14:26:30,988 - ERROR - Errore insert Focaccia alla zucca: column "fonte_url" of relation "ricette" does not exist
LINE 3: ...                  (titolo, categoria, istruzioni, fonte_url)
                                                             ^

2026-04-29 14:26:31,409 - ERROR - Errore insert Torta salata cremosa di merluzzo - La Stampa: column "fonte_url" of relation "ricette" does not exist
LINE 3: ...                  (titolo, categoria, istruzioni, fonte_url)
                                                             ^

2026-04-29 14:26:31,857 - ERROR - Errore insert Cake con melanzane morbido e facile: column "fonte_url" of relation "ricette" does not exist
LINE 3: ...                  (titolo, categoria, istruzioni, fonte_url)
                                                             ^

2026-04-29 14:26:32,261 - ERROR - Errore insert Pizza con Water Roux: column "fonte_url" of relation "ricette" does not exist
LINE 3: ...                  (titolo, categoria, istruzioni, fonte_url)
                                                             ^

2026-04-29 14:26:32,730 - ERROR - Errore insert La Pasta Sfoglia • BiancoLievito: column "fonte_url" of relation "ricette" does not exist
LINE 3: ...                  (titolo, categoria, istruzioni, fonte_url)
                                                             ^

2026-04-29 14:26:33,150 - ERROR - Errore insert Pasta Brioche Ricetta - Brioches dolci - Ricetta Pasta Brioche: column "fonte_url" of relation "ricette" does not exist
LINE 3: ...                  (titolo, categoria, istruzioni, fonte_url)
                                                             ^

2026-04-29 14:26:33,621 - ERROR - Errore insert soffice e profumata: column "fonte_url" of relation "ricette" does not exist
LINE 3: ...                  (titolo, categoria, istruzioni, fonte_url)
                                                             ^

2026-04-29 14:26:34,084 - ERROR - Errore insert Brioche Parisiennes di Achille Zoia e Iginio Massari -La Cuoca Dentro: column "fonte_url" of relation "ricette" does not exist
LINE 3: ...                  (titolo, categoria, istruzioni, fonte_url)
                                                             ^

2026-04-29 14:26:34,475 - ERROR - Errore insert Torta di rose: la ricetta del dolce tradizionale mantovano: column "fonte_url" of relation "ricette" does not exist
LINE 3: ...                  (titolo, categoria, istruzioni, fonte_url)
                                                             ^

2026-04-29 14:26:34,928 - ERROR - Errore insert Incordare un impasto idratato al 100%: column "fonte_url" of relation "ricette" does not exist
LINE 3: ...                  (titolo, categoria, istruzioni, fonte_url)
                                                             ^

2026-04-29 14:26:35,309 - ERROR - Errore insert Golosando...serenamente!: L'autolisi: column "fonte_url" of relation "ricette" does not exist
LINE 3: ...                  (titolo, categoria, istruzioni, fonte_url)
                                                             ^

2026-04-29 14:26:35,721 - ERROR - Errore insert Golosando...serenamente!: Incordatura dell'impasto: column "fonte_url" of relation "ricette" does not exist
LINE 3: ...                  (titolo, categoria, istruzioni, fonte_url)
                                                             ^

2026-04-29 14:26:36,206 - ERROR - Errore insert Profumo di Lievito: column "fonte_url" of relation "ricette" does not exist
LINE 3: ...                  (titolo, categoria, istruzioni, fonte_url)
                                                             ^

2026-04-29 14:26:36,664 - ERROR - Errore insert Torta di farro e zucchine | Sale&Pepe: column "fonte_url" of relation "ricette" does not exist
LINE 3: ...                  (titolo, categoria, istruzioni, fonte_url)
                                                             ^

2026-04-29 14:26:37,034 - ERROR - Errore insert Ricetta Torta di farro alle erbe - Cucchiaio d'Argento: column "fonte_url" of relation "ricette" does not exist
LINE 3: ...                  (titolo, categoria, istruzioni, fonte_url)
                                                             ^

2026-04-29 14:26:37,544 - ERROR - Errore insert Ricetta Tortino di farro e riso - Cucchiaio d'Argento: column "fonte_url" of relation "ricette" does not exist
LINE 3: ...                  (titolo, categoria, istruzioni, fonte_url)
                                                             ^

2026-04-29 14:26:38,009 - ERROR - Errore insert VivaLaFocaccia: column "fonte_url" of relation "ricette" does not exist
LINE 3: ...                  (titolo, categoria, istruzioni, fonte_url)
                                                             ^

2026-04-29 14:26:38,463 - ERROR - Errore insert Ricetta rustico napoletano | Cook: column "fonte_url" of relation "ricette" does not exist
LINE 3: ...                  (titolo, categoria, istruzioni, fonte_url)
                                                             ^

2026-04-29 14:26:39,079 - ERROR - Errore insert verdure: column "fonte_url" of relation "ricette" does not exist
LINE 3: ...                  (titolo, categoria, istruzioni, fonte_url)
                                                             ^

2026-04-29 16:55:31,503 - INFO - ======================================================================
2026-04-29 16:55:31,511 - INFO - ESTRAZIONE RICETTE OTTIMIZZATA (Pattern-based)
2026-04-29 16:55:31,519 - INFO - ======================================================================
2026-04-29 16:55:31,559 - INFO - Lettura ricette.pdf...
2026-04-29 16:55:48,042 - INFO - Pagine da leggere: 1396
2026-04-29 17:03:21,974 - INFO - Found 666 potential recipe dates
2026-04-29 17:03:22,126 - INFO - Estratte 664 ricette
2026-04-29 17:03:22,131 - INFO - 
Estrazione completata: 664 ricette trovate
2026-04-29 17:03:22,611 - INFO - 
Salvataggio nel DB...
2026-04-29 17:06:00,297 - INFO - 
======================================================================
2026-04-29 17:06:00,300 - INFO - COMPLETATO: 479 inserite, 185 duplicate
2026-04-29 17:06:00,302 - INFO - ======================================================================
